0 info it worked if it ends with ok
1 verbose cli [ 'C:\\Program Files\\nodejs\\node.exe',
1 verbose cli   'C:\\Users\\sumit\\AppData\\Roaming\\npm\\node_modules\\npm\\bin\\npm-cli.js',
1 verbose cli   'start' ]
2 info using npm@4.0.3
3 info using node@v6.9.2
4 verbose run-script [ 'prestart', 'start', 'poststart' ]
5 info lifecycle react-redux-template@1.0.0~prestart: react-redux-template@1.0.0
6 silly lifecycle react-redux-template@1.0.0~prestart: no script for prestart, continuing
7 info lifecycle react-redux-template@1.0.0~start: react-redux-template@1.0.0
8 verbose lifecycle react-redux-template@1.0.0~start: unsafe-perm in lifecycle true
9 verbose lifecycle react-redux-template@1.0.0~start: PATH: C:\Users\sumit\AppData\Roaming\npm\node_modules\npm\bin\node-gyp-bin;E:\github\Flairy-React\node_modules\.bin;C:\Users\sumit\bin;C:\Program Files\Git\mingw64\bin;C:\Program Files\Git\usr\local\bin;C:\Program Files\Git\usr\bin;C:\Program Files\Git\usr\bin;C:\Program Files\Git\mingw64\bin;C:\Program Files\Git\usr\bin;C:\Users\sumit\bin;C:\Windows\system32;C:\Windows;C:\Windows\System32\Wbem;C:\Windows\System32\WindowsPowerShell\v1.0;C:\Program Files\Intel\WiFi\bin;C:\Program Files\Common Files\Intel\WirelessCommon;C:\Program Files (x86)\Skype\Phone;C:\Program Files (x86)\AMD\ATI.ACE\Core-Static;C:\Program Files\nodejs;C:\Program Files\Intel\WiFi\bin;C:\Program Files\Common Files\Intel\WirelessCommon;C:\Program Files (x86)\Microsoft VS Code\bin;C:\Users\sumit\AppData\Roaming\npm;C:\Program Files\Git\usr\bin\vendor_perl;C:\Program Files\Git\usr\bin\core_perl
10 verbose lifecycle react-redux-template@1.0.0~start: CWD: E:\github\Flairy-React
11 silly lifecycle react-redux-template@1.0.0~start: Args: [ '/d /s /c', 'webpack-dev-server' ]
12 silly lifecycle react-redux-template@1.0.0~start: Returned: code: 1  signal: null
13 info lifecycle react-redux-template@1.0.0~start: Failed to exec start script
14 verbose stack Error: react-redux-template@1.0.0 start: `webpack-dev-server`
14 verbose stack Exit status 1
14 verbose stack     at EventEmitter.<anonymous> (C:\Users\sumit\AppData\Roaming\npm\node_modules\npm\lib\utils\lifecycle.js:279:16)
14 verbose stack     at emitTwo (events.js:106:13)
14 verbose stack     at EventEmitter.emit (events.js:191:7)
14 verbose stack     at ChildProcess.<anonymous> (C:\Users\sumit\AppData\Roaming\npm\node_modules\npm\lib\utils\spawn.js:40:14)
14 verbose stack     at emitTwo (events.js:106:13)
14 verbose stack     at ChildProcess.emit (events.js:191:7)
14 verbose stack     at maybeClose (internal/child_process.js:877:16)
14 verbose stack     at Process.ChildProcess._handle.onexit (internal/child_process.js:226:5)
15 verbose pkgid react-redux-template@1.0.0
16 verbose cwd E:\github\Flairy-React
17 error Windows_NT 6.1.7600
18 error argv "C:\\Program Files\\nodejs\\node.exe" "C:\\Users\\sumit\\AppData\\Roaming\\npm\\node_modules\\npm\\bin\\npm-cli.js" "start"
19 error node v6.9.2
20 error npm  v4.0.3
21 error code ELIFECYCLE
22 error react-redux-template@1.0.0 start: `webpack-dev-server`
22 error Exit status 1
23 error Failed at the react-redux-template@1.0.0 start script 'webpack-dev-server'.
23 error Make sure you have the latest version of node.js and npm installed.
23 error If you do, this is most likely a problem with the react-redux-template package,
23 error not with npm itself.
23 error Tell the author that this fails on your system:
23 error     webpack-dev-server
23 error You can get information on how to open an issue for this project with:
23 error     npm bugs react-redux-template
23 error Or if that isn't available, you can get their info via:
23 error     npm owner ls react-redux-template
23 error There is likely additional logging output above.
24 verbose exit [ 1, true ]
